<?xml version="1.0" encoding="UTF-8"?>
<testsuite xmlns:xsi="http://www.w3.org/2001/XMLSchema-instance" xsi:noNamespaceSchemaLocation="https://maven.apache.org/surefire/maven-surefire-plugin/xsd/surefire-test-report.xsd" name="es.upm.grise.profundizacion.control_1.LibraryTest" time="0.046" tests="6" errors="0" skipped="0" failures="0">
  <properties>
[...]
</properties>
  <testcase name="testGetBook2" classname="es.upm.grise.profundizacion.control_1.LibraryTest" time="0.023"/>
  <testcase name="testAddBook" classname="es.upm.grise.profundizacion.control_1.LibraryTest" time="0"/>
  <testcase name="testRemoveBook2" classname="es.upm.grise.profundizacion.control_1.LibraryTest" time="0.002"/>
  <testcase name="testAddBook2" classname="es.upm.grise.profundizacion.control_1.LibraryTest" time="0.001"/>
  <testcase name="testGetBook" classname="es.upm.grise.profundizacion.control_1.LibraryTest" time="0.001"/>
  <testcase name="testRemoveBook" classname="es.upm.grise.profundizacion.control_1.LibraryTest" time="0.001"/>
</testsuite>